# JRE version: OpenJDK Runtime Environment (8.0_112-b06) (build 1.8.0_112-release-b06)
# Java VM: OpenJDK 64-Bit Server VM (25.112-b06 mixed mode windows-amd64 compressed oops)
Heap:
 PSYoungGen      total 333824K, used 227998K [0x00000000d5580000, 0x00000000ef100000, 0x0000000100000000)
  eden space 293376K, 67% used [0x00000000d5580000,0x00000000e16f3920,0x00000000e7400000)
  from space 40448K, 73% used [0x00000000e7400000,0x00000000e9134190,0x00000000e9b80000)
  to   space 42496K, 0% used [0x00000000ec780000,0x00000000ec780000,0x00000000ef100000)
 ParOldGen       total 171520K, used 95983K [0x0000000080000000, 0x000000008a780000, 0x00000000d5580000)
  object space 171520K, 55% used [0x0000000080000000,0x0000000085dbbd60,0x000000008a780000)
 Metaspace       used 65023K, capacity 68882K, committed 69120K, reserved 1110016K
  class space    used 8633K, capacity 9387K, committed 9472K, reserved 1048576K
GC Heap History (10 events):
Event: 24.140 GC heap before
{Heap before GC invocations=16 (full 3):
 PSYoungGen      total 216576K, used 189440K [0x00000000d5580000, 0x00000000e5b80000, 0x0000000100000000)
  eden space 189440K, 100% used [0x00000000d5580000,0x00000000e0e80000,0x00000000e0e80000)
  from space 27136K, 0% used [0x00000000e2a00000,0x00000000e2a00000,0x00000000e4480000)
  to   space 28160K, 0% used [0x00000000e0e80000,0x00000000e0e80000,0x00000000e2a00000)
 ParOldGen       total 171520K, used 57439K [0x0000000080000000, 0x000000008a780000, 0x00000000d5580000)
  object space 171520K, 33% used [0x0000000080000000,0x0000000083817c18,0x000000008a780000)
 Metaspace       used 59963K, capacity 63152K, committed 63232K, reserved 1103872K
  class space    used 8002K, capacity 8678K, committed 8704K, reserved 1048576K
Event: 24.154 GC heap after
Heap after GC invocations=16 (full 3):
 PSYoungGen      total 217600K, used 17502K [0x00000000d5580000, 0x00000000e7a00000, 0x0000000100000000)
  eden space 189440K, 0% used [0x00000000d5580000,0x00000000d5580000,0x00000000e0e80000)
  from space 28160K, 62% used [0x00000000e0e80000,0x00000000e1f97848,0x00000000e2a00000)
  to   space 28160K, 0% used [0x00000000e5e80000,0x00000000e5e80000,0x00000000e7a00000)
 ParOldGen       total 171520K, used 57447K [0x0000000080000000, 0x000000008a780000, 0x00000000d5580000)
  object space 171520K, 33% used [0x0000000080000000,0x0000000083819c18,0x000000008a780000)
 Metaspace       used 59963K, capacity 63152K, committed 63232K, reserved 1103872K
  class space    used 8002K, capacity 8678K, committed 8704K, reserved 1048576K
}
Event: 25.834 GC heap before
{Heap before GC invocations=17 (full 3):
 PSYoungGen      total 217600K, used 206942K [0x00000000d5580000, 0x00000000e7a00000, 0x0000000100000000)
  eden space 189440K, 100% used [0x00000000d5580000,0x00000000e0e80000,0x00000000e0e80000)
  from space 28160K, 62% used [0x00000000e0e80000,0x00000000e1f97848,0x00000000e2a00000)
  to   space 28160K, 0% used [0x00000000e5e80000,0x00000000e5e80000,0x00000000e7a00000)
 ParOldGen       total 171520K, used 57447K [0x0000000080000000, 0x000000008a780000, 0x00000000d5580000)
  object space 171520K, 33% used [0x0000000080000000,0x0000000083819c18,0x000000008a780000)
 Metaspace       used 62612K, capacity 66254K, committed 66560K, reserved 1105920K
  class space    used 8346K, capacity 9097K, committed 9216K, reserved 1048576K
Event: 25.852 GC heap after
Heap after GC invocations=17 (full 3):
 PSYoungGen      total 266752K, used 28147K [0x00000000d5580000, 0x00000000e7e80000, 0x0000000100000000)
  eden space 238592K, 0% used [0x00000000d5580000,0x00000000d5580000,0x00000000e3e80000)
  from space 28160K, 99% used [0x00000000e5e80000,0x00000000e79fce30,0x00000000e7a00000)
  to   space 32768K, 0% used [0x00000000e3e80000,0x00000000e3e80000,0x00000000e5e80000)
 ParOldGen       total 171520K, used 59015K [0x0000000080000000, 0x000000008a780000, 0x00000000d5580000)
  object space 171520K, 34% used [0x0000000080000000,0x00000000839a1e78,0x000000008a780000)
 Metaspace       used 62612K, capacity 66254K, committed 66560K, reserved 1105920K
  class space    used 8346K, capacity 9097K, committed 9216K, reserved 1048576K
}
Event: 28.466 GC heap before
{Heap before GC invocations=18 (full 3):
 PSYoungGen      total 266752K, used 266739K [0x00000000d5580000, 0x00000000e7e80000, 0x0000000100000000)
  eden space 238592K, 100% used [0x00000000d5580000,0x00000000e3e80000,0x00000000e3e80000)
  from space 28160K, 99% used [0x00000000e5e80000,0x00000000e79fce30,0x00000000e7a00000)
  to   space 32768K, 0% used [0x00000000e3e80000,0x00000000e3e80000,0x00000000e5e80000)
 ParOldGen       total 171520K, used 59015K [0x0000000080000000, 0x000000008a780000, 0x00000000d5580000)
  object space 171520K, 34% used [0x0000000080000000,0x00000000839a1e78,0x000000008a780000)
 Metaspace       used 64037K, capacity 67720K, committed 67968K, reserved 1107968K
  class space    used 8514K, capacity 9276K, committed 9344K, reserved 1048576K
Event: 28.493 GC heap after
Heap after GC invocations=18 (full 3):
 PSYoungGen      total 271360K, used 32748K [0x00000000d5580000, 0x00000000eca00000, 0x0000000100000000)
  eden space 238592K, 0% used [0x00000000d5580000,0x00000000d5580000,0x00000000e3e80000)
  from space 32768K, 99% used [0x00000000e3e80000,0x00000000e5e7b3a0,0x00000000e5e80000)
  to   space 43008K, 0% used [0x00000000ea000000,0x00000000ea000000,0x00000000eca00000)
 ParOldGen       total 171520K, used 73747K [0x0000000080000000, 0x000000008a780000, 0x00000000d5580000)
  object space 171520K, 42% used [0x0000000080000000,0x0000000084804d48,0x000000008a780000)
 Metaspace       used 64037K, capacity 67720K, committed 67968K, reserved 1107968K
  class space    used 8514K, capacity 9276K, committed 9344K, reserved 1048576K
}
Event: 30.094 GC heap before
{Heap before GC invocations=19 (full 3):
 PSYoungGen      total 271360K, used 271340K [0x00000000d5580000, 0x00000000eca00000, 0x0000000100000000)
  eden space 238592K, 100% used [0x00000000d5580000,0x00000000e3e80000,0x00000000e3e80000)
  from space 32768K, 99% used [0x00000000e3e80000,0x00000000e5e7b3a0,0x00000000e5e80000)
  to   space 43008K, 0% used [0x00000000ea000000,0x00000000ea000000,0x00000000eca00000)
 ParOldGen       total 171520K, used 73747K [0x0000000080000000, 0x000000008a780000, 0x00000000d5580000)
  object space 171520K, 42% used [0x0000000080000000,0x0000000084804d48,0x000000008a780000)
 Metaspace       used 64140K, capacity 67790K, committed 67968K, reserved 1107968K
  class space    used 8524K, capacity 9277K, committed 9344K, reserved 1048576K
Event: 30.119 GC heap after
Heap after GC invocations=19 (full 3):
 PSYoungGen      total 329216K, used 17648K [0x00000000d5580000, 0x00000000ec300000, 0x0000000100000000)
  eden space 293376K, 0% used [0x00000000d5580000,0x00000000d5580000,0x00000000e7400000)
  from space 35840K, 49% used [0x00000000ea000000,0x00000000eb13c120,0x00000000ec300000)
  to   space 40448K, 0% used [0x00000000e7400000,0x00000000e7400000,0x00000000e9b80000)
 ParOldGen       total 171520K, used 95975K [0x0000000080000000, 0x000000008a780000, 0x00000000d5580000)
  object space 171520K, 55% used [0x0000000080000000,0x0000000085db9d60,0x000000008a780000)
 Metaspace       used 64140K, capacity 67790K, committed 67968K, reserved 1107968K
  class space    used 8524K, capacity 9277K, committed 9344K, reserved 1048576K
}
Event: 32.233 GC heap before
{Heap before GC invocations=20 (full 3):
 PSYoungGen      total 329216K, used 311024K [0x00000000d5580000, 0x00000000ec300000, 0x0000000100000000)
  eden space 293376K, 100% used [0x00000000d5580000,0x00000000e7400000,0x00000000e7400000)
  from space 35840K, 49% used [0x00000000ea000000,0x00000000eb13c120,0x00000000ec300000)
  to   space 40448K, 0% used [0x00000000e7400000,0x00000000e7400000,0x00000000e9b80000)
 ParOldGen       total 171520K, used 95975K [0x0000000080000000, 0x000000008a780000, 0x00000000d5580000)
  object space 171520K, 55% used [0x0000000080000000,0x0000000085db9d60,0x000000008a780000)
 Metaspace       used 64152K, capacity 67790K, committed 67968K, reserved 1107968K
  class space    used 8526K, capacity 9277K, committed 9344K, reserved 1048576K
Event: 32.259 GC heap after
Heap after GC invocations=20 (full 3):
 PSYoungGen      total 333824K, used 29904K [0x00000000d5580000, 0x00000000ef100000, 0x0000000100000000)
  eden space 293376K, 0% used [0x00000000d5580000,0x00000000d5580000,0x00000000e7400000)
  from space 40448K, 73% used [0x00000000e7400000,0x00000000e9134190,0x00000000e9b80000)
  to   space 42496K, 0% used [0x00000000ec780000,0x00000000ec780000,0x00000000ef100000)
 ParOldGen       total 171520K, used 95983K [0x0000000080000000, 0x000000008a780000, 0x00000000d5580000)
  object space 171520K, 55% used [0x0000000080000000,0x0000000085dbbd60,0x000000008a780000)
 Metaspace       used 64152K, capacity 67790K, committed 67968K, reserved 1107968K
  class space    used 8526K, capacity 9277K, committed 9344K, reserved 1048576K
}

